Error: Cannot find module '/home/flores/Ubuntu One/nodejs/easy-routes/testing/controllers/q'
    at Function._resolveFilename (module.js:332:11)
    at Function._load (module.js:279:25)
    at Module.require (module.js:354:17)
    at require (module.js:370:17)
    at _dispatcher (/home/flores/Ubuntu One/nodejs/easy-routes/lib/index.js:48:40)
    at /home/flores/Ubuntu One/nodejs/easy-routes/lib/index.js:21:3
    at callbacks (/home/flores/Ubuntu One/nodejs/easy-routes/testing/node_modules/express/lib/router/index.js:272:11)
    at param (/home/flores/Ubuntu One/nodejs/easy-routes/testing/node_modules/express/lib/router/index.js:246:11)
    at pass (/home/flores/Ubuntu One/nodejs/easy-routes/testing/node_modules/express/lib/router/index.js:253:5)
    at Router._dispatch (/home/flores/Ubuntu One/nodejs/easy-routes/testing/node_modules/express/lib/router/index.js:280:4)
Error: Action admin_index_GET is not defined in controller1 controller
    at _dispatcher (/home/flores/Ubuntu One/nodejs/easy-routes/lib/index.js:53:23)
    at /home/flores/Ubuntu One/nodejs/easy-routes/lib/index.js:21:3
    at callbacks (/home/flores/Ubuntu One/nodejs/easy-routes/testing/node_modules/express/lib/router/index.js:272:11)
    at param (/home/flores/Ubuntu One/nodejs/easy-routes/testing/node_modules/express/lib/router/index.js:246:11)
    at pass (/home/flores/Ubuntu One/nodejs/easy-routes/testing/node_modules/express/lib/router/index.js:253:5)
    at Router._dispatch (/home/flores/Ubuntu One/nodejs/easy-routes/testing/node_modules/express/lib/router/index.js:280:4)
    at Object.handle (/home/flores/Ubuntu One/nodejs/easy-routes/testing/node_modules/express/lib/router/index.js:45:10)
    at next (/home/flores/Ubuntu One/nodejs/easy-routes/testing/node_modules/express/node_modules/connect/lib/http.js:203:15)
    at Object.methodOverride [as handle] (/home/flores/Ubuntu One/nodejs/easy-routes/testing/node_modules/express/node_modules/connect/lib/middleware/methodOverride.js:35:5)
    at next (/home/flores/Ubuntu One/nodejs/easy-routes/testing/node_modules/express/node_modules/connect/lib/http.js:203:15)
Error: Action action1_GET is not defined in controller1 controller
    at _dispatcher (/home/flores/Ubuntu One/nodejs/easy-routes/lib/index.js:53:23)
    at /home/flores/Ubuntu One/nodejs/easy-routes/lib/index.js:21:3
    at callbacks (/home/flores/Ubuntu One/nodejs/easy-routes/testing/node_modules/express/lib/router/index.js:272:11)
    at param (/home/flores/Ubuntu One/nodejs/easy-routes/testing/node_modules/express/lib/router/index.js:246:11)
    at pass (/home/flores/Ubuntu One/nodejs/easy-routes/testing/node_modules/express/lib/router/index.js:253:5)
    at Router._dispatch (/home/flores/Ubuntu One/nodejs/easy-routes/testing/node_modules/express/lib/router/index.js:280:4)
    at Object.handle (/home/flores/Ubuntu One/nodejs/easy-routes/testing/node_modules/express/lib/router/index.js:45:10)
    at next (/home/flores/Ubuntu One/nodejs/easy-routes/testing/node_modules/express/node_modules/connect/lib/http.js:203:15)
    at Object.methodOverride [as handle] (/home/flores/Ubuntu One/nodejs/easy-routes/testing/node_modules/express/node_modules/connect/lib/middleware/methodOverride.js:35:5)
    at next (/home/flores/Ubuntu One/nodejs/easy-routes/testing/node_modules/express/node_modules/connect/lib/http.js:203:15)

assert.js:104
  throw new assert.AssertionError({
        ^
AssertionError: 2- Controller + Action Failed!
    at IncomingMessage.<anonymous> (/home/flores/Ubuntu One/nodejs/easy-routes/testing/tests.js:80:12)
    at IncomingMessage.emit (events.js:67:17)
    at HTTPParser.onBody (http.js:113:42)
    at Socket.ondata (http.js:1150:24)
    at TCP.onread (net.js:374:27)
